<?xml version="1.0" encoding="UTF-8"?>
<testng-results skipped="0" failed="0" total="1" passed="1">
  <reporter-output>
  </reporter-output>
  <suite name="Suite" duration-ms="116" started-at="2017-03-11T11:06:47Z" finished-at="2017-03-11T11:06:47Z">
    <groups>
    </groups>
    <test name="Test" duration-ms="116" started-at="2017-03-11T11:06:47Z" finished-at="2017-03-11T11:06:47Z">
      <class name="firstPackage.FirstClass">
        <test-method status="PASS" signature="testMethod1()[pri:0, instance:firstPackage.FirstClass@234bef66]" name="testMethod1" duration-ms="26" started-at="2017-03-11T16:36:47Z" finished-at="2017-03-11T16:36:47Z">
          <reporter-output>
          </reporter-output>
        </test-method> <!-- testMethod1 -->
      </class> <!-- firstPackage.FirstClass -->
    </test> <!-- Test -->
  </suite> <!-- Suite -->
</testng-results>
